<?xml version="1.0" encoding="UTF-8"?>
<!-- Generated by org.testng.reporters.JUnitXMLReporter -->
<testsuite hostname="LAPTOP-RPU5051R" name="Test_TestDependOnMethod" tests="7" failures="0" timestamp="28 Jul 2019 14:36:13 GMT" time="0.029" errors="0">
  <testcase name="b" time="0.008" classname="testNG_Practise.TestDependOnMethod"/>
  <testcase name="c" time="0.0" classname="testNG_Practise.TestDependOnMethod"/>
  <testcase name="test1" time="0.0" classname="testNG_Practise.TestDependOnMethod"/>
  <testcase name="A_test_Minus" time="0.001" classname="testNG_Practise.TestDependOnMethod"/>
  <testcase name="a" time="0.001" classname="testNG_Practise.TestDependOnMethod"/>
  <testcase name="A" time="0.001" classname="testNG_Practise.TestDependOnMethod"/>
  <testcase name="A_test" time="0.001" classname="testNG_Practise.TestDependOnMethod"/>
</testsuite> <!-- Test_TestDependOnMethod -->
