<?xml version="1.0" encoding="UTF-8"?>
<!-- Generated by org.testng.reporters.JUnitXMLReporter -->
<testsuite hostname="LAPTOP-RPU5051R" name="Test_Multi_Test_2" tests="3" failures="0" timestamp="28 Jul 2019 15:46:52 GMT" time="19.522" errors="0">
  <testcase name="Registration" time="0.007" classname="testNG_Practise.Multi_Test_2"/>
  <testcase name="LoginTest" time="14.537" classname="testNG_Practise.Multi_Test_2"/>
  <testcase name="PasswordUpdate" time="0.39" classname="testNG_Practise.Multi_Test_2"/>
</testsuite> <!-- Test_Multi_Test_2 -->
