<?xml version="1.0" encoding="UTF-8"?>
<testng-results skipped="0" failed="0" total="1" passed="1">
  <reporter-output>
  </reporter-output>
  <suite name="Default suite" duration-ms="9058" started-at="2019-09-10T15:24:32Z" finished-at="2019-09-10T15:24:41Z">
    <groups>
    </groups>
    <test name="Default test" duration-ms="9058" started-at="2019-09-10T15:24:32Z" finished-at="2019-09-10T15:24:41Z">
      <class name="testing_Sep.ChromeLog">
        <test-method status="PASS" signature="beforeMethod()[pri:0, instance:testing_Sep.ChromeLog@31d7b7bf]" name="beforeMethod" is-config="true" duration-ms="9" started-at="2019-09-10T20:54:32Z" finished-at="2019-09-10T20:54:32Z">
          <reporter-output>
          </reporter-output>
        </test-method> <!-- beforeMethod -->
        <test-method status="PASS" signature="testing()[pri:0, instance:testing_Sep.ChromeLog@31d7b7bf]" name="testing" duration-ms="9033" started-at="2019-09-10T20:54:32Z" finished-at="2019-09-10T20:54:41Z">
          <reporter-output>
          </reporter-output>
        </test-method> <!-- testing -->
      </class> <!-- testing_Sep.ChromeLog -->
    </test> <!-- Default test -->
  </suite> <!-- Default suite -->
</testng-results>
